commit 83e652951301634555a55ad5aa8c202d230445c4 (HEAD -> 0.9.5-hammer, origin/0.9.5-hammer)
Author: Drqonic <36631640+Drqonic@users.noreply.github.com>
Date:   Thu Feb 22 17:52:13 2024 +0000

    feat(AbilityProjectileEntity): Added custom iframe system for AbilityProjectileSystem

commit 22a49d0a2263b7484769d1bbde621944a70dd08d
Author: Drqonic <36631640+Drqonic@users.noreply.github.com>
Date:   Wed Feb 21 00:15:54 2024 +0000

    fix(Ability Projectiles): Removed code created from misinformation that has led to invulnerability frames being ignored.

commit 86e47aef5eacf74b604328805268017c2aed0299
Author: Drqonic <36631640+Drqonic@users.noreply.github.com>
Date:   Tue Feb 20 21:37:48 2024 +0000

    fix(Ability Projectiles): Fixed issue causing ability projectiles to not collide with blocks and entities correctly.

commit a1c120892747c522b1d9d13747e98b31e0afee8c
Author: Drqonic <36631640+Drqonic@users.noreply.github.com>
Date:   Tue Feb 20 21:37:19 2024 +0000

    fix(Ability Projectiles): Fixed issue causing ability projectiles to modify iframes at the wrong time.

commit ba8467a0e13260c293e628ff5d3ced7b95b39d41
Author: Drqonic <36631640+Drqonic@users.noreply.github.com>
Date:   Tue Feb 20 21:35:14 2024 +0000

    fix(Explosion Damage): Fixed continuous damage caused by explosions after the initial damage phase.

commit a3d124face9ab282d0d4f6f5f88965a29110323b
Author: DerHammerclock <rathmerdominik@outlook.de>
Date:   Tue Dec 5 16:56:05 2023 +0100

    fix(AkumaNoMiItem): Add remove reason to Hopper

commit dc3d4eef0970678da0397060bb3cb47a0287ae7b
Author: DerHammerclock <rathmerdominik@outlook.de>
Date:   Sun Dec 3 17:35:16 2023 +0100

    fix(ExtendedWorldData): Fix NullPointer when entity is null for lostFruit function

commit 4c3f2e006b0d5fffd0bd2bfae4cbf889c3bd0956
Author: DerHammerclock <rathmerdominik@outlook.de>
Date:   Thu Nov 23 16:20:12 2023 +0100

    feat(API): Add multiple OneFruit Events

commit f00e1ba7a595e40eca090263f295f2f0994cc86a
Author: DerHammerclock <rathmerdominik@outlook.de>
Date:   Tue Nov 14 09:21:09 2023 +0100

    fix(ForgeSetup): Migrate existing Crews to add the new Creation Date

commit 20a6450937e028dadd0d5b6257f9661bc062acea
Author: rathmerdominik <rathmerdominik@outlook.de>
Date:   Mon Nov 13 00:53:22 2023 +0100

    feat(Crew): Added Crew creation date

commit ec2d9cfe2a081c1f8d887669dcdeed65b8970212
Author: rathmerdominik <rathmerdominik@outlook.de>
Date:   Sat Nov 4 18:59:34 2023 +0100

    fix(CCreateCrewPacket): Actually use the Crew Create event

commit 7d5cf0c2dee2883f934032ccc3ab41d562bef31f
Author: rathmerdominik <rathmerdominik@outlook.de>
Date:   Fri Nov 3 23:32:52 2023 +0100

    feat(CrewEvent): Add new Kick event when kicking a crew member

commit c06fcbafd173348b42b3c3834c8f25aaac441886
Author: rathmerdominik <rathmerdominik@outlook.de>
Date:   Fri Nov 3 18:22:00 2023 +0100

    fix(JollyRoger): Replace current pixel replacer with tinting

commit 6b1a997983384eebdb991bf5d04a7327d90abfb7
Author: rathmerdominik <rathmerdominik@outlook.de>
Date:   Thu Nov 2 16:20:26 2023 +0100

    feat(JollyRogerEvent): Added JollyRoger Update event

commit a193cf1f1594eb764317c0d1261abe1932c51b44
Author: rathmerdominik <rathmerdominik@outlook.de>
Date:   Thu Nov 2 15:36:54 2023 +0100

    fix(JollyRoger): Removed a debug print statement

commit 00af82773dd855465460734bc8ede2e5bd44d5aa
Author: rathmerdominik <rathmerdominik@outlook.de>
Date:   Wed Nov 1 18:08:02 2023 +0100

    feat(JollyRoger): Added possibility to get the JollyRoger as an Image